<?xml version="1.0" encoding="UTF-8"?>
<!-- Generated by org.testng.reporters.JUnitReportReporter -->
<testsuite hostname="Shairins-MacBook-Air.local" failures="0" tests="2" name="com.test.MavenPractice.Multitest2" time="16.032" errors="0" timestamp="2024-09-05T17:37:14 IST" skipped="0">
  <testcase classname="com.test.MavenPractice.Multitest2" name="SelectIndia" time="11.135"/>
  <testcase classname="com.test.MavenPractice.Multitest2" name="FillForm" time="4.897"/>
</testsuite> <!-- com.test.MavenPractice.Multitest2 -->
