<?xml version="1.0" encoding="UTF-8"?>
<!-- Generated by org.testng.reporters.JUnitReportReporter -->
<testsuite hostname="Shairins-MacBook-Air.local" failures="0" tests="2" name="com.test.MavenPractice.LoginCheck" time="27.632" errors="0" timestamp="2024-09-05T17:37:14 IST" skipped="0">
  <testcase classname="com.test.MavenPractice.LoginCheck" name="LoginFailure" time="15.519"/>
  <testcase classname="com.test.MavenPractice.LoginCheck" name="Loginsuccess" time="12.113"/>
</testsuite> <!-- com.test.MavenPractice.LoginCheck -->
